<!DOCTYPE suite SYSTEM "http://testng.org/testng-1.0.dtd" >

<suite name="multipleXmls">

    <listeners>
        <listener class-name="Web.AllListeners.Listener"/>
    </listeners>

    <test name="multipleXmls">
        <classes>
            <class name="MultipleXmls.MultipleXmls"/>
        </classes>
    </test>
</suite> 
